<?xml version="1.0" encoding="UTF-8"?>
<robot generator="Robot 6.0.1 (Python 3.10.8 on win32)" generated="20221112 14:18:09.588" rpa="false" schemaversion="3">
<suite id="s1" name="TestRunner" source="C:\Users\MKhaled\Downloads\Example-master\Example-master\TestRunner">
<suite id="s1-s1" name="AcademicStructure" source="C:\Users\MKhaled\Downloads\Example-master\Example-master\TestRunner\AcademicStructure.robot">
<test id="s1-s1-t1" name="Add new Inistitutions" line="10">
<kw name="User Login" library="Login">
<arg>${username}</arg>
<arg>${password}</arg>
<kw name="Opening Browser" library="common">
<arg>${site_url}${login}</arg>
<arg>${browser}</arg>
<kw name="Open Browser">
<arg>${site_url}</arg>
<arg>${browser}</arg>
<msg timestamp="20221112 14:18:09.726" level="FAIL">No keyword with name 'Open Browser' found. Did you mean:
    common.Opening Browser</msg>
<status status="FAIL" starttime="20221112 14:18:09.726" endtime="20221112 14:18:09.726"/>
</kw>
<kw name="Wait Until Element Is Visible">
<arg>${Username_field}</arg>
<arg>timeout=10</arg>
<status status="NOT RUN" starttime="20221112 14:18:09.731" endtime="20221112 14:18:09.731"/>
</kw>
<kw name="Title Should Be">
<arg>Login</arg>
<status status="NOT RUN" starttime="20221112 14:18:09.733" endtime="20221112 14:18:09.733"/>
</kw>
<status status="FAIL" starttime="20221112 14:18:09.721" endtime="20221112 14:18:09.733"/>
</kw>
<kw name="Maximize Browser Window">
<status status="NOT RUN" starttime="20221112 14:18:09.735" endtime="20221112 14:18:09.735"/>
</kw>
<kw name="Wait Until Page Contains Element">
<arg>${Username_field}</arg>
<status status="NOT RUN" starttime="20221112 14:18:09.737" endtime="20221112 14:18:09.737"/>
</kw>
<kw name="Enter Username" library="Login">
<status status="NOT RUN" starttime="20221112 14:18:09.737" endtime="20221112 14:18:09.737"/>
</kw>
<kw name="Enter Password" library="Login">
<status status="NOT RUN" starttime="20221112 14:18:09.737" endtime="20221112 14:18:09.737"/>
</kw>
<kw name=" Click on Login button" library="Login">
<status status="NOT RUN" starttime="20221112 14:18:09.737" endtime="20221112 14:18:09.737"/>
</kw>
<kw name="Home page is opened Successfully" library="Login">
<status status="NOT RUN" starttime="20221112 14:18:09.737" endtime="20221112 14:18:09.737"/>
</kw>
<status status="FAIL" starttime="20221112 14:18:09.720" endtime="20221112 14:18:09.738"/>
</kw>
<kw name="Open the AcademicStructure page" library="Inistitutions">
<status status="NOT RUN" starttime="20221112 14:18:09.738" endtime="20221112 14:18:09.739"/>
</kw>
<kw name="Open the Institution page" library="Inistitutions">
<status status="NOT RUN" starttime="20221112 14:18:09.740" endtime="20221112 14:18:09.740"/>
</kw>
<kw name="Click button Add new Inistitutions" library="Inistitutions">
<status status="NOT RUN" starttime="20221112 14:18:09.741" endtime="20221112 14:18:09.741"/>
</kw>
<kw name="Fill Form of Add Inistitutions" library="Inistitutions">
<status status="NOT RUN" starttime="20221112 14:18:09.743" endtime="20221112 14:18:09.743"/>
</kw>
<kw name="click submit button" library="Inistitutions">
<status status="NOT RUN" starttime="20221112 14:18:09.744" endtime="20221112 14:18:09.744"/>
</kw>
<kw name="closing Browser" library="common" type="TEARDOWN">
<kw name="close Browser">
<msg timestamp="20221112 14:18:09.747" level="FAIL">No keyword with name 'close Browser' found.</msg>
<status status="FAIL" starttime="20221112 14:18:09.747" endtime="20221112 14:18:09.747"/>
</kw>
<status status="FAIL" starttime="20221112 14:18:09.745" endtime="20221112 14:18:09.748">No keyword with name 'close Browser' found.</status>
</kw>
<status status="FAIL" starttime="20221112 14:18:09.719" endtime="20221112 14:18:09.748">No keyword with name 'Open Browser' found. Did you mean:
    common.Opening Browser

Also teardown failed:
No keyword with name 'close Browser' found.</status>
</test>
<doc>MedadCMP LoginPage</doc>
<status status="FAIL" starttime="20221112 14:18:09.654" endtime="20221112 14:18:09.751"/>
</suite>
<suite id="s1-s2" name="Login" source="C:\Users\MKhaled\Downloads\Example-master\Example-master\TestRunner\Login.robot">
<test id="s1-s2-t1" name="Login with Valid Username &amp; Password" line="8">
<kw name="User Login" library="Login">
<arg>${username}</arg>
<arg>${password}</arg>
<kw name="Opening Browser" library="common">
<arg>${site_url}${login}</arg>
<arg>${browser}</arg>
<kw name="Open Browser">
<arg>${site_url}</arg>
<arg>${browser}</arg>
<msg timestamp="20221112 14:18:09.814" level="FAIL">No keyword with name 'Open Browser' found. Did you mean:
    common.Opening Browser</msg>
<status status="FAIL" starttime="20221112 14:18:09.814" endtime="20221112 14:18:09.814"/>
</kw>
<kw name="Wait Until Element Is Visible">
<arg>${Username_field}</arg>
<arg>timeout=10</arg>
<status status="NOT RUN" starttime="20221112 14:18:09.816" endtime="20221112 14:18:09.816"/>
</kw>
<kw name="Title Should Be">
<arg>Login</arg>
<status status="NOT RUN" starttime="20221112 14:18:09.818" endtime="20221112 14:18:09.818"/>
</kw>
<status status="FAIL" starttime="20221112 14:18:09.811" endtime="20221112 14:18:09.818"/>
</kw>
<kw name="Maximize Browser Window">
<status status="NOT RUN" starttime="20221112 14:18:09.820" endtime="20221112 14:18:09.820"/>
</kw>
<kw name="Wait Until Page Contains Element">
<arg>${Username_field}</arg>
<status status="NOT RUN" starttime="20221112 14:18:09.821" endtime="20221112 14:18:09.821"/>
</kw>
<kw name="Enter Username" library="Login">
<status status="NOT RUN" starttime="20221112 14:18:09.821" endtime="20221112 14:18:09.823"/>
</kw>
<kw name="Enter Password" library="Login">
<status status="NOT RUN" starttime="20221112 14:18:09.824" endtime="20221112 14:18:09.824"/>
</kw>
<kw name=" Click on Login button" library="Login">
<status status="NOT RUN" starttime="20221112 14:18:09.824" endtime="20221112 14:18:09.824"/>
</kw>
<kw name="Home page is opened Successfully" library="Login">
<status status="NOT RUN" starttime="20221112 14:18:09.825" endtime="20221112 14:18:09.825"/>
</kw>
<status status="FAIL" starttime="20221112 14:18:09.811" endtime="20221112 14:18:09.825"/>
</kw>
<kw name="Wait Until Element Is Visible">
<arg>${Success_Login}</arg>
<arg>timeout=10</arg>
<status status="NOT RUN" starttime="20221112 14:18:09.831" endtime="20221112 14:18:09.831"/>
</kw>
<status status="FAIL" starttime="20221112 14:18:09.809" endtime="20221112 14:18:09.832">No keyword with name 'Open Browser' found. Did you mean:
    common.Opening Browser</status>
</test>
<doc>MedadCMP LoginPage</doc>
<status status="FAIL" starttime="20221112 14:18:09.754" endtime="20221112 14:18:09.835"/>
</suite>
<status status="FAIL" starttime="20221112 14:18:09.610" endtime="20221112 14:18:09.842"/>
</suite>
<statistics>
<total>
<stat pass="0" fail="2" skip="0">All Tests</stat>
</total>
<tag>
</tag>
<suite>
<stat pass="0" fail="2" skip="0" id="s1" name="TestRunner">TestRunner</stat>
<stat pass="0" fail="1" skip="0" id="s1-s1" name="AcademicStructure">TestRunner.AcademicStructure</stat>
<stat pass="0" fail="1" skip="0" id="s1-s2" name="Login">TestRunner.Login</stat>
</suite>
</statistics>
<errors>
<msg timestamp="20221112 14:18:09.588" level="ERROR">Taking listener 'allure_robotframework' into use failed: Importing listener 'allure_robotframework' failed: ModuleNotFoundError: No module named 'allure_robotframework'
Traceback (most recent call last):
  None
PYTHONPATH:
  C:\Users\MKhaled\AppData\Local\Packages\PythonSoftwareFoundation.Python.3.10_qbz5n2kfra8p0\LocalCache\local-packages\Python310\Scripts\robot.exe
  C:\Program Files\WindowsApps\PythonSoftwareFoundation.Python.3.10_3.10.2288.0_x64__qbz5n2kfra8p0\python310.zip
  C:\Program Files\WindowsApps\PythonSoftwareFoundation.Python.3.10_3.10.2288.0_x64__qbz5n2kfra8p0\DLLs
  C:\Program Files\WindowsApps\PythonSoftwareFoundation.Python.3.10_3.10.2288.0_x64__qbz5n2kfra8p0\lib
  C:\Users\MKhaled\AppData\Local\Microsoft\WindowsApps\PythonSoftwareFoundation.Python.3.10_qbz5n2kfra8p0
  C:\Users\MKhaled\AppData\Local\Packages\PythonSoftwareFoundation.Python.3.10_qbz5n2kfra8p0\LocalCache\local-packages\Python310\site-packages
  C:\Program Files\WindowsApps\PythonSoftwareFoundation.Python.3.10_3.10.2288.0_x64__qbz5n2kfra8p0
  C:\Program Files\WindowsApps\PythonSoftwareFoundation.Python.3.10_3.10.2288.0_x64__qbz5n2kfra8p0\lib\site-packages</msg>
<msg timestamp="20221112 14:18:09.665" level="ERROR">Error in file 'C:\Users\MKhaled\Downloads\Example-master\Example-master\TestRunner\AcademicStructure.robot' on line 3: Importing library 'SeleniumLibrary' failed: ModuleNotFoundError: No module named 'SeleniumLibrary'
Traceback (most recent call last):
  None
PYTHONPATH:
  C:\Users\MKhaled\AppData\Local\Packages\PythonSoftwareFoundation.Python.3.10_qbz5n2kfra8p0\LocalCache\local-packages\Python310\Scripts\robot.exe
  C:\Program Files\WindowsApps\PythonSoftwareFoundation.Python.3.10_3.10.2288.0_x64__qbz5n2kfra8p0\python310.zip
  C:\Program Files\WindowsApps\PythonSoftwareFoundation.Python.3.10_3.10.2288.0_x64__qbz5n2kfra8p0\DLLs
  C:\Program Files\WindowsApps\PythonSoftwareFoundation.Python.3.10_3.10.2288.0_x64__qbz5n2kfra8p0\lib
  C:\Users\MKhaled\AppData\Local\Microsoft\WindowsApps\PythonSoftwareFoundation.Python.3.10_qbz5n2kfra8p0
  C:\Users\MKhaled\AppData\Local\Packages\PythonSoftwareFoundation.Python.3.10_qbz5n2kfra8p0\LocalCache\local-packages\Python310\site-packages
  C:\Program Files\WindowsApps\PythonSoftwareFoundation.Python.3.10_3.10.2288.0_x64__qbz5n2kfra8p0
  C:\Program Files\WindowsApps\PythonSoftwareFoundation.Python.3.10_3.10.2288.0_x64__qbz5n2kfra8p0\lib\site-packages</msg>
<msg timestamp="20221112 14:18:09.678" level="ERROR">Error in file 'C:\Users\MKhaled\Downloads\Example-master\Example-master\Resources\MedadCMP\AcademicStructure\Login.robot' on line 2: Importing library 'SeleniumLibrary' failed: ModuleNotFoundError: No module named 'SeleniumLibrary'
Traceback (most recent call last):
  None
PYTHONPATH:
  C:\Users\MKhaled\AppData\Local\Packages\PythonSoftwareFoundation.Python.3.10_qbz5n2kfra8p0\LocalCache\local-packages\Python310\Scripts\robot.exe
  C:\Program Files\WindowsApps\PythonSoftwareFoundation.Python.3.10_3.10.2288.0_x64__qbz5n2kfra8p0\python310.zip
  C:\Program Files\WindowsApps\PythonSoftwareFoundation.Python.3.10_3.10.2288.0_x64__qbz5n2kfra8p0\DLLs
  C:\Program Files\WindowsApps\PythonSoftwareFoundation.Python.3.10_3.10.2288.0_x64__qbz5n2kfra8p0\lib
  C:\Users\MKhaled\AppData\Local\Microsoft\WindowsApps\PythonSoftwareFoundation.Python.3.10_qbz5n2kfra8p0
  C:\Users\MKhaled\AppData\Local\Packages\PythonSoftwareFoundation.Python.3.10_qbz5n2kfra8p0\LocalCache\local-packages\Python310\site-packages
  C:\Program Files\WindowsApps\PythonSoftwareFoundation.Python.3.10_3.10.2288.0_x64__qbz5n2kfra8p0
  C:\Program Files\WindowsApps\PythonSoftwareFoundation.Python.3.10_3.10.2288.0_x64__qbz5n2kfra8p0\lib\site-packages</msg>
<msg timestamp="20221112 14:18:09.688" level="ERROR">Error in file 'C:\Users\MKhaled\Downloads\Example-master\Example-master\Resources\MedadCMP\AcademicStructure\common.robot' on line 2: Importing library 'SeleniumLibrary' failed: ModuleNotFoundError: No module named 'SeleniumLibrary'
Traceback (most recent call last):
  None
PYTHONPATH:
  C:\Users\MKhaled\AppData\Local\Packages\PythonSoftwareFoundation.Python.3.10_qbz5n2kfra8p0\LocalCache\local-packages\Python310\Scripts\robot.exe
  C:\Program Files\WindowsApps\PythonSoftwareFoundation.Python.3.10_3.10.2288.0_x64__qbz5n2kfra8p0\python310.zip
  C:\Program Files\WindowsApps\PythonSoftwareFoundation.Python.3.10_3.10.2288.0_x64__qbz5n2kfra8p0\DLLs
  C:\Program Files\WindowsApps\PythonSoftwareFoundation.Python.3.10_3.10.2288.0_x64__qbz5n2kfra8p0\lib
  C:\Users\MKhaled\AppData\Local\Microsoft\WindowsApps\PythonSoftwareFoundation.Python.3.10_qbz5n2kfra8p0
  C:\Users\MKhaled\AppData\Local\Packages\PythonSoftwareFoundation.Python.3.10_qbz5n2kfra8p0\LocalCache\local-packages\Python310\site-packages
  C:\Program Files\WindowsApps\PythonSoftwareFoundation.Python.3.10_3.10.2288.0_x64__qbz5n2kfra8p0
  C:\Program Files\WindowsApps\PythonSoftwareFoundation.Python.3.10_3.10.2288.0_x64__qbz5n2kfra8p0\lib\site-packages</msg>
<msg timestamp="20221112 14:18:09.705" level="ERROR">Error in file 'C:\Users\MKhaled\Downloads\Example-master\Example-master\Resources\MedadCMP\AcademicStructure\Inistitutions.robot' on line 2: Importing library 'SeleniumLibrary' failed: ModuleNotFoundError: No module named 'SeleniumLibrary'
Traceback (most recent call last):
  None
PYTHONPATH:
  C:\Users\MKhaled\AppData\Local\Packages\PythonSoftwareFoundation.Python.3.10_qbz5n2kfra8p0\LocalCache\local-packages\Python310\Scripts\robot.exe
  C:\Program Files\WindowsApps\PythonSoftwareFoundation.Python.3.10_3.10.2288.0_x64__qbz5n2kfra8p0\python310.zip
  C:\Program Files\WindowsApps\PythonSoftwareFoundation.Python.3.10_3.10.2288.0_x64__qbz5n2kfra8p0\DLLs
  C:\Program Files\WindowsApps\PythonSoftwareFoundation.Python.3.10_3.10.2288.0_x64__qbz5n2kfra8p0\lib
  C:\Users\MKhaled\AppData\Local\Microsoft\WindowsApps\PythonSoftwareFoundation.Python.3.10_qbz5n2kfra8p0
  C:\Users\MKhaled\AppData\Local\Packages\PythonSoftwareFoundation.Python.3.10_qbz5n2kfra8p0\LocalCache\local-packages\Python310\site-packages
  C:\Program Files\WindowsApps\PythonSoftwareFoundation.Python.3.10_3.10.2288.0_x64__qbz5n2kfra8p0
  C:\Program Files\WindowsApps\PythonSoftwareFoundation.Python.3.10_3.10.2288.0_x64__qbz5n2kfra8p0\lib\site-packages</msg>
<msg timestamp="20221112 14:18:09.765" level="ERROR">Error in file 'C:\Users\MKhaled\Downloads\Example-master\Example-master\TestRunner\Login.robot' on line 3: Importing library 'SeleniumLibrary' failed: ModuleNotFoundError: No module named 'SeleniumLibrary'
Traceback (most recent call last):
  None
PYTHONPATH:
  C:\Users\MKhaled\AppData\Local\Packages\PythonSoftwareFoundation.Python.3.10_qbz5n2kfra8p0\LocalCache\local-packages\Python310\Scripts\robot.exe
  C:\Program Files\WindowsApps\PythonSoftwareFoundation.Python.3.10_3.10.2288.0_x64__qbz5n2kfra8p0\python310.zip
  C:\Program Files\WindowsApps\PythonSoftwareFoundation.Python.3.10_3.10.2288.0_x64__qbz5n2kfra8p0\DLLs
  C:\Program Files\WindowsApps\PythonSoftwareFoundation.Python.3.10_3.10.2288.0_x64__qbz5n2kfra8p0\lib
  C:\Users\MKhaled\AppData\Local\Microsoft\WindowsApps\PythonSoftwareFoundation.Python.3.10_qbz5n2kfra8p0
  C:\Users\MKhaled\AppData\Local\Packages\PythonSoftwareFoundation.Python.3.10_qbz5n2kfra8p0\LocalCache\local-packages\Python310\site-packages
  C:\Program Files\WindowsApps\PythonSoftwareFoundation.Python.3.10_3.10.2288.0_x64__qbz5n2kfra8p0
  C:\Program Files\WindowsApps\PythonSoftwareFoundation.Python.3.10_3.10.2288.0_x64__qbz5n2kfra8p0\lib\site-packages</msg>
<msg timestamp="20221112 14:18:09.774" level="ERROR">Error in file 'C:\Users\MKhaled\Downloads\Example-master\Example-master\Resources\MedadCMP\AcademicStructure\Login.robot' on line 2: Importing library 'SeleniumLibrary' failed: ModuleNotFoundError: No module named 'SeleniumLibrary'
Traceback (most recent call last):
  None
PYTHONPATH:
  C:\Users\MKhaled\AppData\Local\Packages\PythonSoftwareFoundation.Python.3.10_qbz5n2kfra8p0\LocalCache\local-packages\Python310\Scripts\robot.exe
  C:\Program Files\WindowsApps\PythonSoftwareFoundation.Python.3.10_3.10.2288.0_x64__qbz5n2kfra8p0\python310.zip
  C:\Program Files\WindowsApps\PythonSoftwareFoundation.Python.3.10_3.10.2288.0_x64__qbz5n2kfra8p0\DLLs
  C:\Program Files\WindowsApps\PythonSoftwareFoundation.Python.3.10_3.10.2288.0_x64__qbz5n2kfra8p0\lib
  C:\Users\MKhaled\AppData\Local\Microsoft\WindowsApps\PythonSoftwareFoundation.Python.3.10_qbz5n2kfra8p0
  C:\Users\MKhaled\AppData\Local\Packages\PythonSoftwareFoundation.Python.3.10_qbz5n2kfra8p0\LocalCache\local-packages\Python310\site-packages
  C:\Program Files\WindowsApps\PythonSoftwareFoundation.Python.3.10_3.10.2288.0_x64__qbz5n2kfra8p0
  C:\Program Files\WindowsApps\PythonSoftwareFoundation.Python.3.10_3.10.2288.0_x64__qbz5n2kfra8p0\lib\site-packages</msg>
<msg timestamp="20221112 14:18:09.784" level="ERROR">Error in file 'C:\Users\MKhaled\Downloads\Example-master\Example-master\Resources\MedadCMP\AcademicStructure\common.robot' on line 2: Importing library 'SeleniumLibrary' failed: ModuleNotFoundError: No module named 'SeleniumLibrary'
Traceback (most recent call last):
  None
PYTHONPATH:
  C:\Users\MKhaled\AppData\Local\Packages\PythonSoftwareFoundation.Python.3.10_qbz5n2kfra8p0\LocalCache\local-packages\Python310\Scripts\robot.exe
  C:\Program Files\WindowsApps\PythonSoftwareFoundation.Python.3.10_3.10.2288.0_x64__qbz5n2kfra8p0\python310.zip
  C:\Program Files\WindowsApps\PythonSoftwareFoundation.Python.3.10_3.10.2288.0_x64__qbz5n2kfra8p0\DLLs
  C:\Program Files\WindowsApps\PythonSoftwareFoundation.Python.3.10_3.10.2288.0_x64__qbz5n2kfra8p0\lib
  C:\Users\MKhaled\AppData\Local\Microsoft\WindowsApps\PythonSoftwareFoundation.Python.3.10_qbz5n2kfra8p0
  C:\Users\MKhaled\AppData\Local\Packages\PythonSoftwareFoundation.Python.3.10_qbz5n2kfra8p0\LocalCache\local-packages\Python310\site-packages
  C:\Program Files\WindowsApps\PythonSoftwareFoundation.Python.3.10_3.10.2288.0_x64__qbz5n2kfra8p0
  C:\Program Files\WindowsApps\PythonSoftwareFoundation.Python.3.10_3.10.2288.0_x64__qbz5n2kfra8p0\lib\site-packages</msg>
<msg timestamp="20221112 14:18:09.797" level="ERROR">Error in file 'C:\Users\MKhaled\Downloads\Example-master\Example-master\Resources\MedadCMP\AcademicStructure\Inistitutions.robot' on line 2: Importing library 'SeleniumLibrary' failed: ModuleNotFoundError: No module named 'SeleniumLibrary'
Traceback (most recent call last):
  None
PYTHONPATH:
  C:\Users\MKhaled\AppData\Local\Packages\PythonSoftwareFoundation.Python.3.10_qbz5n2kfra8p0\LocalCache\local-packages\Python310\Scripts\robot.exe
  C:\Program Files\WindowsApps\PythonSoftwareFoundation.Python.3.10_3.10.2288.0_x64__qbz5n2kfra8p0\python310.zip
  C:\Program Files\WindowsApps\PythonSoftwareFoundation.Python.3.10_3.10.2288.0_x64__qbz5n2kfra8p0\DLLs
  C:\Program Files\WindowsApps\PythonSoftwareFoundation.Python.3.10_3.10.2288.0_x64__qbz5n2kfra8p0\lib
  C:\Users\MKhaled\AppData\Local\Microsoft\WindowsApps\PythonSoftwareFoundation.Python.3.10_qbz5n2kfra8p0
  C:\Users\MKhaled\AppData\Local\Packages\PythonSoftwareFoundation.Python.3.10_qbz5n2kfra8p0\LocalCache\local-packages\Python310\site-packages
  C:\Program Files\WindowsApps\PythonSoftwareFoundation.Python.3.10_3.10.2288.0_x64__qbz5n2kfra8p0
  C:\Program Files\WindowsApps\PythonSoftwareFoundation.Python.3.10_3.10.2288.0_x64__qbz5n2kfra8p0\lib\site-packages</msg>
</errors>
</robot>
